<?xml version="1.0" encoding="UTF-8"?>
<coverage generated="1598044865192" clover="3.2.0">
  <project timestamp="1598044865192" name="All files">
    <metrics statements="104" coveredstatements="104" conditionals="60" coveredconditionals="52" methods="18" coveredmethods="18" elements="182" coveredelements="174" complexity="0" loc="104" ncloc="104" packages="1" files="3" classes="3"/>
    <file name="parser.js" path="/Users/edisoncury/Documents/Development/Node/ast/src/parser.js">
      <metrics statements="73" coveredstatements="73" conditionals="38" coveredconditionals="30" methods="11" coveredmethods="11"/>
      <line num="1" count="2" type="stmt"/>
      <line num="3" count="2" type="cond" truecount="0" falsecount="1"/>
      <line num="4" count="26" type="stmt"/>
      <line num="7" count="2" type="cond" truecount="0" falsecount="1"/>
      <line num="8" count="33" type="stmt"/>
      <line num="11" count="2" type="cond" truecount="0" falsecount="1"/>
      <line num="12" count="234" type="stmt"/>
      <line num="15" count="2" type="cond" truecount="0" falsecount="1"/>
      <line num="16" count="196" type="stmt"/>
      <line num="19" count="2" type="cond" truecount="0" falsecount="1"/>
      <line num="20" count="58" type="stmt"/>
      <line num="24" count="2" type="cond" truecount="0" falsecount="1"/>
      <line num="25" count="5" type="stmt"/>
      <line num="26" count="5" type="stmt"/>
      <line num="27" count="5" type="stmt"/>
      <line num="28" count="5" type="stmt"/>
      <line num="29" count="5" type="stmt"/>
      <line num="30" count="5" type="stmt"/>
      <line num="31" count="63" type="stmt"/>
      <line num="32" count="63" type="cond" truecount="2" falsecount="0"/>
      <line num="33" count="4" type="stmt"/>
      <line num="36" count="63" type="cond" truecount="2" falsecount="0"/>
      <line num="37" count="9" type="stmt"/>
      <line num="39" count="9" type="cond" truecount="2" falsecount="0"/>
      <line num="40" count="5" type="stmt"/>
      <line num="41" count="5" type="stmt"/>
      <line num="45" count="5" type="stmt"/>
      <line num="49" count="2" type="cond" truecount="0" falsecount="1"/>
      <line num="50" count="11" type="stmt"/>
      <line num="52" count="133" type="cond" truecount="2" falsecount="0"/>
      <line num="53" count="14" type="stmt"/>
      <line num="55" count="133" type="cond" truecount="2" falsecount="0"/>
      <line num="56" count="14" type="stmt"/>
      <line num="59" count="133" type="stmt"/>
      <line num="61" count="11" type="cond" truecount="2" falsecount="0"/>
      <line num="62" count="2" type="cond" truecount="2" falsecount="0"/>
      <line num="63" count="1" type="stmt"/>
      <line num="66" count="1" type="stmt"/>
      <line num="71" count="2" type="cond" truecount="2" falsecount="1"/>
      <line num="72" count="11" type="stmt"/>
      <line num="74" count="9" type="stmt"/>
      <line num="78" count="121" type="cond" truecount="2" falsecount="0"/>
      <line num="79" count="65" type="stmt"/>
      <line num="81" count="56" type="cond" truecount="2" falsecount="0"/>
      <line num="82" count="18" type="stmt"/>
      <line num="83" count="18" type="stmt"/>
      <line num="85" count="38" type="cond" truecount="4" falsecount="0"/>
      <line num="86" count="5" type="stmt"/>
      <line num="87" count="5" type="stmt"/>
      <line num="88" count="5" type="stmt"/>
      <line num="89" count="5" type="stmt"/>
      <line num="90" count="5" type="stmt"/>
      <line num="92" count="33" type="cond" truecount="2" falsecount="0"/>
      <line num="93" count="9" type="stmt"/>
      <line num="94" count="24" type="cond" truecount="2" falsecount="0"/>
      <line num="95" count="18" type="cond" truecount="2" falsecount="0"/>
      <line num="96" count="5" type="stmt"/>
      <line num="97" count="5" type="stmt"/>
      <line num="99" count="5" type="stmt"/>
      <line num="100" count="5" type="stmt"/>
      <line num="102" count="13" type="stmt"/>
      <line num="105" count="33" type="stmt"/>
      <line num="106" count="33" type="stmt"/>
      <line num="114" count="2" type="stmt"/>
      <line num="115" count="6" type="stmt"/>
      <line num="116" count="4" type="stmt"/>
      <line num="117" count="4" type="stmt"/>
      <line num="120" count="2" type="stmt"/>
      <line num="121" count="2" type="stmt"/>
      <line num="122" count="2" type="stmt"/>
      <line num="123" count="2" type="stmt"/>
      <line num="124" count="2" type="stmt"/>
      <line num="125" count="2" type="stmt"/>
    </file>
    <file name="traverser.js" path="/Users/edisoncury/Documents/Development/Node/ast/src/traverser.js">
      <metrics statements="17" coveredstatements="17" conditionals="9" coveredconditionals="9" methods="3" coveredmethods="3"/>
      <line num="1" count="1" type="stmt"/>
      <line num="2" count="6" type="cond" truecount="5" falsecount="0"/>
      <line num="4" count="2" type="stmt"/>
      <line num="6" count="1" type="stmt"/>
      <line num="8" count="1" type="stmt"/>
      <line num="10" count="1" type="stmt"/>
      <line num="12" count="1" type="stmt"/>
      <line num="17" count="1" type="stmt"/>
      <line num="18" count="6" type="cond" truecount="2" falsecount="0"/>
      <line num="20" count="5" type="stmt"/>
      <line num="21" count="2" type="stmt"/>
      <line num="24" count="5" type="cond" truecount="2" falsecount="0"/>
      <line num="25" count="3" type="stmt"/>
      <line num="26" count="3" type="stmt"/>
      <line num="29" count="5" type="stmt"/>
      <line num="32" count="1" type="stmt"/>
      <line num="33" count="1" type="stmt"/>
    </file>
    <file name="utils.js" path="/Users/edisoncury/Documents/Development/Node/ast/src/utils.js">
      <metrics statements="14" coveredstatements="14" conditionals="13" coveredconditionals="13" methods="4" coveredmethods="4"/>
      <line num="1" count="3" type="cond" truecount="1" falsecount="0"/>
      <line num="2" count="29" type="cond" truecount="2" falsecount="0"/>
      <line num="3" count="28" type="cond" truecount="2" falsecount="0"/>
      <line num="4" count="12" type="stmt"/>
      <line num="5" count="143" type="cond" truecount="2" falsecount="0"/>
      <line num="6" count="32" type="stmt"/>
      <line num="7" count="32" type="cond" truecount="4" falsecount="0"/>
      <line num="8" count="1" type="stmt"/>
      <line num="9" count="31" type="cond" truecount="2" falsecount="0"/>
      <line num="10" count="22" type="stmt"/>
      <line num="12" count="11" type="stmt"/>
      <line num="14" count="32" type="stmt"/>
      <line num="16" count="30" type="stmt"/>
      <line num="20" count="3" type="stmt"/>
    </file>
  </project>
</coverage>
