{"/Users/edisoncury/Documents/Development/Node/ast/src/parser.js": {"path":"/Users/edisoncury/Documents/Development/Node/ast/src/parser.js","statementMap":{"0":{"start":{"line":1,"column":31},"end":{"line":1,"column":49}},"1":{"start":{"line":3,"column":17},"end":{"line":5,"column":1}},"2":{"start":{"line":4,"column":4},"end":{"line":4,"column":54}},"3":{"start":{"line":7,"column":19},"end":{"line":9,"column":1}},"4":{"start":{"line":8,"column":4},"end":{"line":8,"column":60}},"5":{"start":{"line":11,"column":28},"end":{"line":13,"column":1}},"6":{"start":{"line":12,"column":4},"end":{"line":12,"column":51}},"7":{"start":{"line":15,"column":26},"end":{"line":17,"column":1}},"8":{"start":{"line":16,"column":4},"end":{"line":16,"column":51}},"9":{"start":{"line":19,"column":25},"end":{"line":21,"column":1}},"10":{"start":{"line":20,"column":4},"end":{"line":20,"column":24}},"11":{"start":{"line":24,"column":24},"end":{"line":46,"column":1}},"12":{"start":{"line":25,"column":14},"end":{"line":25,"column":19}},"13":{"start":{"line":26,"column":24},"end":{"line":26,"column":70}},"14":{"start":{"line":27,"column":34},"end":{"line":27,"column":35}},"15":{"start":{"line":28,"column":32},"end":{"line":28,"column":33}},"16":{"start":{"line":29,"column":29},"end":{"line":29,"column":52}},"17":{"start":{"line":30,"column":4},"end":{"line":44,"column":5}},"18":{"start":{"line":30,"column":17},"end":{"line":30,"column":18}},"19":{"start":{"line":31,"column":19},"end":{"line":31,"column":40}},"20":{"start":{"line":32,"column":8},"end":{"line":34,"column":9}},"21":{"start":{"line":33,"column":12},"end":{"line":33,"column":41}},"22":{"start":{"line":36,"column":8},"end":{"line":43,"column":9}},"23":{"start":{"line":37,"column":12},"end":{"line":37,"column":39}},"24":{"start":{"line":39,"column":12},"end":{"line":42,"column":13}},"25":{"start":{"line":40,"column":16},"end":{"line":40,"column":25}},"26":{"start":{"line":41,"column":16},"end":{"line":41,"column":22}},"27":{"start":{"line":45,"column":4},"end":{"line":45,"column":15}},"28":{"start":{"line":49,"column":29},"end":{"line":69,"column":1}},"29":{"start":{"line":50,"column":24},"end":{"line":60,"column":38}},"30":{"start":{"line":52,"column":12},"end":{"line":54,"column":13}},"31":{"start":{"line":53,"column":16},"end":{"line":53,"column":33}},"32":{"start":{"line":55,"column":12},"end":{"line":57,"column":13}},"33":{"start":{"line":56,"column":16},"end":{"line":56,"column":33}},"34":{"start":{"line":59,"column":12},"end":{"line":59,"column":23}},"35":{"start":{"line":61,"column":4},"end":{"line":68,"column":5}},"36":{"start":{"line":62,"column":8},"end":{"line":67,"column":9}},"37":{"start":{"line":63,"column":12},"end":{"line":63,"column":85}},"38":{"start":{"line":66,"column":12},"end":{"line":66,"column":85}},"39":{"start":{"line":71,"column":17},"end":{"line":111,"column":1}},"40":{"start":{"line":72,"column":4},"end":{"line":72,"column":36}},"41":{"start":{"line":74,"column":4},"end":{"line":110,"column":124}},"42":{"start":{"line":78,"column":12},"end":{"line":108,"column":13}},"43":{"start":{"line":79,"column":16},"end":{"line":79,"column":27}},"44":{"start":{"line":81,"column":16},"end":{"line":84,"column":17}},"45":{"start":{"line":82,"column":20},"end":{"line":82,"column":45}},"46":{"start":{"line":83,"column":20},"end":{"line":83,"column":31}},"47":{"start":{"line":85,"column":16},"end":{"line":107,"column":17}},"48":{"start":{"line":86,"column":35},"end":{"line":86,"column":71}},"49":{"start":{"line":87,"column":40},"end":{"line":87,"column":77}},"50":{"start":{"line":88,"column":20},"end":{"line":88,"column":75}},"51":{"start":{"line":89,"column":20},"end":{"line":89,"column":54}},"52":{"start":{"line":90,"column":20},"end":{"line":90,"column":31}},"53":{"start":{"line":92,"column":20},"end":{"line":104,"column":21}},"54":{"start":{"line":93,"column":24},"end":{"line":93,"column":44}},"55":{"start":{"line":94,"column":27},"end":{"line":104,"column":21}},"56":{"start":{"line":95,"column":24},"end":{"line":103,"column":25}},"57":{"start":{"line":96,"column":37},"end":{"line":96,"column":55}},"58":{"start":{"line":97,"column":39},"end":{"line":97,"column":59}},"59":{"start":{"line":99,"column":28},"end":{"line":99,"column":48}},"60":{"start":{"line":100,"column":28},"end":{"line":100,"column":50}},"61":{"start":{"line":102,"column":28},"end":{"line":102,"column":62}},"62":{"start":{"line":105,"column":20},"end":{"line":105,"column":46}},"63":{"start":{"line":106,"column":20},"end":{"line":106,"column":31}},"64":{"start":{"line":114,"column":14},"end":{"line":118,"column":1}},"65":{"start":{"line":115,"column":16},"end":{"line":115,"column":36}},"66":{"start":{"line":116,"column":20},"end":{"line":116,"column":95}},"67":{"start":{"line":117,"column":4},"end":{"line":117,"column":19}},"68":{"start":{"line":120,"column":0},"end":{"line":120,"column":22}},"69":{"start":{"line":121,"column":0},"end":{"line":121,"column":28}},"70":{"start":{"line":122,"column":0},"end":{"line":122,"column":44}},"71":{"start":{"line":123,"column":0},"end":{"line":123,"column":46}},"72":{"start":{"line":124,"column":0},"end":{"line":124,"column":50}},"73":{"start":{"line":125,"column":0},"end":{"line":125,"column":32}}},"fnMap":{"0":{"name":"(anonymous_0)","decl":{"start":{"line":3,"column":17},"end":{"line":3,"column":18}},"loc":{"start":{"line":3,"column":32},"end":{"line":5,"column":1}},"line":3},"1":{"name":"(anonymous_1)","decl":{"start":{"line":7,"column":19},"end":{"line":7,"column":20}},"loc":{"start":{"line":7,"column":34},"end":{"line":9,"column":1}},"line":7},"2":{"name":"(anonymous_2)","decl":{"start":{"line":11,"column":28},"end":{"line":11,"column":29}},"loc":{"start":{"line":11,"column":43},"end":{"line":13,"column":1}},"line":11},"3":{"name":"(anonymous_3)","decl":{"start":{"line":15,"column":26},"end":{"line":15,"column":27}},"loc":{"start":{"line":15,"column":41},"end":{"line":17,"column":1}},"line":15},"4":{"name":"(anonymous_4)","decl":{"start":{"line":19,"column":25},"end":{"line":19,"column":26}},"loc":{"start":{"line":19,"column":40},"end":{"line":21,"column":1}},"line":19},"5":{"name":"(anonymous_5)","decl":{"start":{"line":24,"column":24},"end":{"line":24,"column":25}},"loc":{"start":{"line":24,"column":52},"end":{"line":46,"column":1}},"line":24},"6":{"name":"(anonymous_6)","decl":{"start":{"line":49,"column":29},"end":{"line":49,"column":30}},"loc":{"start":{"line":49,"column":49},"end":{"line":69,"column":1}},"line":49},"7":{"name":"(anonymous_7)","decl":{"start":{"line":51,"column":16},"end":{"line":51,"column":17}},"loc":{"start":{"line":51,"column":31},"end":{"line":60,"column":9}},"line":51},"8":{"name":"(anonymous_8)","decl":{"start":{"line":71,"column":17},"end":{"line":71,"column":18}},"loc":{"start":{"line":71,"column":60},"end":{"line":111,"column":1}},"line":71},"9":{"name":"(anonymous_9)","decl":{"start":{"line":77,"column":16},"end":{"line":77,"column":17}},"loc":{"start":{"line":77,"column":36},"end":{"line":110,"column":9}},"line":77},"10":{"name":"(anonymous_10)","decl":{"start":{"line":114,"column":14},"end":{"line":114,"column":15}},"loc":{"start":{"line":114,"column":30},"end":{"line":118,"column":1}},"line":114}},"branchMap":{"0":{"loc":{"start":{"line":3,"column":18},"end":{"line":3,"column":27}},"type":"default-arg","locations":[{"start":{"line":3,"column":25},"end":{"line":3,"column":27}}],"line":3},"1":{"loc":{"start":{"line":7,"column":20},"end":{"line":7,"column":29}},"type":"default-arg","locations":[{"start":{"line":7,"column":27},"end":{"line":7,"column":29}}],"line":7},"2":{"loc":{"start":{"line":11,"column":29},"end":{"line":11,"column":38}},"type":"default-arg","locations":[{"start":{"line":11,"column":36},"end":{"line":11,"column":38}}],"line":11},"3":{"loc":{"start":{"line":15,"column":27},"end":{"line":15,"column":36}},"type":"default-arg","locations":[{"start":{"line":15,"column":34},"end":{"line":15,"column":36}}],"line":15},"4":{"loc":{"start":{"line":19,"column":26},"end":{"line":19,"column":35}},"type":"default-arg","locations":[{"start":{"line":19,"column":33},"end":{"line":19,"column":35}}],"line":19},"5":{"loc":{"start":{"line":24,"column":25},"end":{"line":24,"column":40}},"type":"default-arg","locations":[{"start":{"line":24,"column":38},"end":{"line":24,"column":40}}],"line":24},"6":{"loc":{"start":{"line":32,"column":8},"end":{"line":34,"column":9}},"type":"if","locations":[{"start":{"line":32,"column":8},"end":{"line":34,"column":9}},{"start":{"line":32,"column":8},"end":{"line":34,"column":9}}],"line":32},"7":{"loc":{"start":{"line":36,"column":8},"end":{"line":43,"column":9}},"type":"if","locations":[{"start":{"line":36,"column":8},"end":{"line":43,"column":9}},{"start":{"line":36,"column":8},"end":{"line":43,"column":9}}],"line":36},"8":{"loc":{"start":{"line":39,"column":12},"end":{"line":42,"column":13}},"type":"if","locations":[{"start":{"line":39,"column":12},"end":{"line":42,"column":13}},{"start":{"line":39,"column":12},"end":{"line":42,"column":13}}],"line":39},"9":{"loc":{"start":{"line":49,"column":30},"end":{"line":49,"column":44}},"type":"default-arg","locations":[{"start":{"line":49,"column":42},"end":{"line":49,"column":44}}],"line":49},"10":{"loc":{"start":{"line":52,"column":12},"end":{"line":54,"column":13}},"type":"if","locations":[{"start":{"line":52,"column":12},"end":{"line":54,"column":13}},{"start":{"line":52,"column":12},"end":{"line":54,"column":13}}],"line":52},"11":{"loc":{"start":{"line":55,"column":12},"end":{"line":57,"column":13}},"type":"if","locations":[{"start":{"line":55,"column":12},"end":{"line":57,"column":13}},{"start":{"line":55,"column":12},"end":{"line":57,"column":13}}],"line":55},"12":{"loc":{"start":{"line":61,"column":4},"end":{"line":68,"column":5}},"type":"if","locations":[{"start":{"line":61,"column":4},"end":{"line":68,"column":5}},{"start":{"line":61,"column":4},"end":{"line":68,"column":5}}],"line":61},"13":{"loc":{"start":{"line":62,"column":8},"end":{"line":67,"column":9}},"type":"if","locations":[{"start":{"line":62,"column":8},"end":{"line":67,"column":9}},{"start":{"line":62,"column":8},"end":{"line":67,"column":9}}],"line":62},"14":{"loc":{"start":{"line":71,"column":18},"end":{"line":71,"column":33}},"type":"default-arg","locations":[{"start":{"line":71,"column":31},"end":{"line":71,"column":33}}],"line":71},"15":{"loc":{"start":{"line":71,"column":35},"end":{"line":71,"column":44}},"type":"default-arg","locations":[{"start":{"line":71,"column":43},"end":{"line":71,"column":44}}],"line":71},"16":{"loc":{"start":{"line":71,"column":46},"end":{"line":71,"column":55}},"type":"default-arg","locations":[{"start":{"line":71,"column":54},"end":{"line":71,"column":55}}],"line":71},"17":{"loc":{"start":{"line":78,"column":12},"end":{"line":108,"column":13}},"type":"if","locations":[{"start":{"line":78,"column":12},"end":{"line":108,"column":13}},{"start":{"line":78,"column":12},"end":{"line":108,"column":13}}],"line":78},"18":{"loc":{"start":{"line":81,"column":16},"end":{"line":84,"column":17}},"type":"if","locations":[{"start":{"line":81,"column":16},"end":{"line":84,"column":17}},{"start":{"line":81,"column":16},"end":{"line":84,"column":17}}],"line":81},"19":{"loc":{"start":{"line":85,"column":16},"end":{"line":107,"column":17}},"type":"if","locations":[{"start":{"line":85,"column":16},"end":{"line":107,"column":17}},{"start":{"line":85,"column":16},"end":{"line":107,"column":17}}],"line":85},"20":{"loc":{"start":{"line":85,"column":20},"end":{"line":85,"column":70}},"type":"binary-expr","locations":[{"start":{"line":85,"column":20},"end":{"line":85,"column":45}},{"start":{"line":85,"column":49},"end":{"line":85,"column":70}}],"line":85},"21":{"loc":{"start":{"line":92,"column":20},"end":{"line":104,"column":21}},"type":"if","locations":[{"start":{"line":92,"column":20},"end":{"line":104,"column":21}},{"start":{"line":92,"column":20},"end":{"line":104,"column":21}}],"line":92},"22":{"loc":{"start":{"line":94,"column":27},"end":{"line":104,"column":21}},"type":"if","locations":[{"start":{"line":94,"column":27},"end":{"line":104,"column":21}},{"start":{"line":94,"column":27},"end":{"line":104,"column":21}}],"line":94},"23":{"loc":{"start":{"line":95,"column":24},"end":{"line":103,"column":25}},"type":"if","locations":[{"start":{"line":95,"column":24},"end":{"line":103,"column":25}},{"start":{"line":95,"column":24},"end":{"line":103,"column":25}}],"line":95}},"s":{"0":2,"1":2,"2":26,"3":2,"4":33,"5":2,"6":234,"7":2,"8":196,"9":2,"10":58,"11":2,"12":5,"13":5,"14":5,"15":5,"16":5,"17":5,"18":5,"19":63,"20":63,"21":4,"22":63,"23":9,"24":9,"25":5,"26":5,"27":5,"28":2,"29":11,"30":133,"31":14,"32":133,"33":14,"34":133,"35":11,"36":2,"37":1,"38":1,"39":2,"40":11,"41":9,"42":121,"43":65,"44":56,"45":18,"46":18,"47":38,"48":5,"49":5,"50":5,"51":5,"52":5,"53":33,"54":9,"55":24,"56":18,"57":5,"58":5,"59":5,"60":5,"61":13,"62":33,"63":33,"64":2,"65":6,"66":4,"67":4,"68":2,"69":2,"70":2,"71":2,"72":2,"73":2},"f":{"0":26,"1":33,"2":234,"3":196,"4":58,"5":5,"6":11,"7":133,"8":11,"9":121,"10":6},"b":{"0":[0],"1":[0],"2":[0],"3":[0],"4":[0],"5":[0],"6":[4,59],"7":[9,54],"8":[5,4],"9":[0],"10":[14,119],"11":[14,119],"12":[2,9],"13":[1,1],"14":[0],"15":[6],"16":[6],"17":[65,56],"18":[18,38],"19":[5,33],"20":[38,9],"21":[9,24],"22":[18,6],"23":[5,13]},"_coverageSchema":"1a1c01bbd47fc00a2c39e90264f33305004495a9","hash":"dea295d56ba424a2c33e48feb9b076d5ed9cb31c"}
,"/Users/edisoncury/Documents/Development/Node/ast/src/traverser.js": {"path":"/Users/edisoncury/Documents/Development/Node/ast/src/traverser.js","statementMap":{"0":{"start":{"line":1,"column":16},"end":{"line":14,"column":1}},"1":{"start":{"line":2,"column":4},"end":{"line":13,"column":5}},"2":{"start":{"line":4,"column":12},"end":{"line":4,"column":25}},"3":{"start":{"line":6,"column":12},"end":{"line":6,"column":25}},"4":{"start":{"line":8,"column":12},"end":{"line":8,"column":25}},"5":{"start":{"line":10,"column":12},"end":{"line":10,"column":25}},"6":{"start":{"line":12,"column":12},"end":{"line":12,"column":47}},"7":{"start":{"line":17,"column":17},"end":{"line":30,"column":1}},"8":{"start":{"line":18,"column":4},"end":{"line":18,"column":44}},"9":{"start":{"line":18,"column":35},"end":{"line":18,"column":44}},"10":{"start":{"line":20,"column":27},"end":{"line":22,"column":6}},"11":{"start":{"line":21,"column":8},"end":{"line":21,"column":51}},"12":{"start":{"line":24,"column":4},"end":{"line":28,"column":5}},"13":{"start":{"line":25,"column":8},"end":{"line":27,"column":9}},"14":{"start":{"line":25,"column":21},"end":{"line":25,"column":22}},"15":{"start":{"line":26,"column":12},"end":{"line":26,"column":98}},"16":{"start":{"line":29,"column":4},"end":{"line":29,"column":28}},"17":{"start":{"line":32,"column":0},"end":{"line":32,"column":28}},"18":{"start":{"line":33,"column":0},"end":{"line":33,"column":26}}},"fnMap":{"0":{"name":"(anonymous_0)","decl":{"start":{"line":1,"column":16},"end":{"line":1,"column":17}},"loc":{"start":{"line":1,"column":36},"end":{"line":14,"column":1}},"line":1},"1":{"name":"(anonymous_1)","decl":{"start":{"line":17,"column":17},"end":{"line":17,"column":18}},"loc":{"start":{"line":17,"column":26},"end":{"line":30,"column":1}},"line":17},"2":{"name":"(anonymous_2)","decl":{"start":{"line":20,"column":47},"end":{"line":20,"column":48}},"loc":{"start":{"line":20,"column":65},"end":{"line":22,"column":5}},"line":20}},"branchMap":{"0":{"loc":{"start":{"line":2,"column":4},"end":{"line":13,"column":5}},"type":"switch","locations":[{"start":{"line":3,"column":8},"end":{"line":4,"column":25}},{"start":{"line":5,"column":8},"end":{"line":6,"column":25}},{"start":{"line":7,"column":8},"end":{"line":8,"column":25}},{"start":{"line":9,"column":8},"end":{"line":10,"column":25}},{"start":{"line":11,"column":8},"end":{"line":12,"column":47}}],"line":2},"1":{"loc":{"start":{"line":18,"column":4},"end":{"line":18,"column":44}},"type":"if","locations":[{"start":{"line":18,"column":4},"end":{"line":18,"column":44}},{"start":{"line":18,"column":4},"end":{"line":18,"column":44}}],"line":18},"2":{"loc":{"start":{"line":24,"column":4},"end":{"line":28,"column":5}},"type":"if","locations":[{"start":{"line":24,"column":4},"end":{"line":28,"column":5}},{"start":{"line":24,"column":4},"end":{"line":28,"column":5}}],"line":24}},"s":{"0":1,"1":6,"2":2,"3":1,"4":1,"5":1,"6":1,"7":1,"8":6,"9":1,"10":5,"11":2,"12":5,"13":3,"14":3,"15":3,"16":5,"17":1,"18":1},"f":{"0":6,"1":6,"2":2},"b":{"0":[2,1,1,1,1],"1":[1,5],"2":[3,2]},"_coverageSchema":"1a1c01bbd47fc00a2c39e90264f33305004495a9","hash":"44e493e0c5d64695d8de8ad33c2d33e5308d1a5b"}
,"/Users/edisoncury/Documents/Development/Node/ast/src/utils.js": {"path":"/Users/edisoncury/Documents/Development/Node/ast/src/utils.js","statementMap":{"0":{"start":{"line":1,"column":27},"end":{"line":18,"column":1}},"1":{"start":{"line":2,"column":4},"end":{"line":2,"column":41}},"2":{"start":{"line":2,"column":27},"end":{"line":2,"column":41}},"3":{"start":{"line":3,"column":4},"end":{"line":3,"column":50}},"4":{"start":{"line":3,"column":36},"end":{"line":3,"column":50}},"5":{"start":{"line":4,"column":4},"end":{"line":17,"column":11}},"6":{"start":{"line":5,"column":8},"end":{"line":15,"column":9}},"7":{"start":{"line":5,"column":30},"end":{"line":5,"column":39}},"8":{"start":{"line":6,"column":26},"end":{"line":6,"column":44}},"9":{"start":{"line":7,"column":12},"end":{"line":13,"column":13}},"10":{"start":{"line":8,"column":16},"end":{"line":8,"column":65}},"11":{"start":{"line":9,"column":19},"end":{"line":13,"column":13}},"12":{"start":{"line":10,"column":16},"end":{"line":10,"column":78}},"13":{"start":{"line":10,"column":50},"end":{"line":10,"column":77}},"14":{"start":{"line":12,"column":16},"end":{"line":12,"column":39}},"15":{"start":{"line":14,"column":12},"end":{"line":14,"column":23}},"16":{"start":{"line":16,"column":8},"end":{"line":16,"column":18}},"17":{"start":{"line":20,"column":0},"end":{"line":20,"column":48}}},"fnMap":{"0":{"name":"(anonymous_0)","decl":{"start":{"line":1,"column":27},"end":{"line":1,"column":28}},"loc":{"start":{"line":1,"column":50},"end":{"line":18,"column":1}},"line":1},"1":{"name":"(anonymous_1)","decl":{"start":{"line":4,"column":38},"end":{"line":4,"column":39}},"loc":{"start":{"line":4,"column":52},"end":{"line":17,"column":5}},"line":4},"2":{"name":"(anonymous_2)","decl":{"start":{"line":5,"column":23},"end":{"line":5,"column":24}},"loc":{"start":{"line":5,"column":30},"end":{"line":5,"column":39}},"line":5},"3":{"name":"(anonymous_3)","decl":{"start":{"line":10,"column":43},"end":{"line":10,"column":44}},"loc":{"start":{"line":10,"column":50},"end":{"line":10,"column":77}},"line":10}},"branchMap":{"0":{"loc":{"start":{"line":1,"column":36},"end":{"line":1,"column":45}},"type":"default-arg","locations":[{"start":{"line":1,"column":43},"end":{"line":1,"column":45}}],"line":1},"1":{"loc":{"start":{"line":2,"column":4},"end":{"line":2,"column":41}},"type":"if","locations":[{"start":{"line":2,"column":4},"end":{"line":2,"column":41}},{"start":{"line":2,"column":4},"end":{"line":2,"column":41}}],"line":2},"2":{"loc":{"start":{"line":3,"column":4},"end":{"line":3,"column":50}},"type":"if","locations":[{"start":{"line":3,"column":4},"end":{"line":3,"column":50}},{"start":{"line":3,"column":4},"end":{"line":3,"column":50}}],"line":3},"3":{"loc":{"start":{"line":5,"column":8},"end":{"line":15,"column":9}},"type":"if","locations":[{"start":{"line":5,"column":8},"end":{"line":15,"column":9}},{"start":{"line":5,"column":8},"end":{"line":15,"column":9}}],"line":5},"4":{"loc":{"start":{"line":7,"column":12},"end":{"line":13,"column":13}},"type":"if","locations":[{"start":{"line":7,"column":12},"end":{"line":13,"column":13}},{"start":{"line":7,"column":12},"end":{"line":13,"column":13}}],"line":7},"5":{"loc":{"start":{"line":7,"column":16},"end":{"line":7,"column":77}},"type":"binary-expr","locations":[{"start":{"line":7,"column":16},"end":{"line":7,"column":46}},{"start":{"line":7,"column":50},"end":{"line":7,"column":77}}],"line":7},"6":{"loc":{"start":{"line":9,"column":19},"end":{"line":13,"column":13}},"type":"if","locations":[{"start":{"line":9,"column":19},"end":{"line":13,"column":13}},{"start":{"line":9,"column":19},"end":{"line":13,"column":13}}],"line":9}},"s":{"0":3,"1":29,"2":1,"3":28,"4":16,"5":12,"6":62,"7":143,"8":32,"9":32,"10":1,"11":31,"12":20,"13":22,"14":11,"15":32,"16":30,"17":3},"f":{"0":29,"1":62,"2":143,"3":22},"b":{"0":[1],"1":[1,28],"2":[16,12],"3":[32,30],"4":[1,31],"5":[32,21],"6":[20,11]},"_coverageSchema":"1a1c01bbd47fc00a2c39e90264f33305004495a9","hash":"be2984a3295b477c73c153f749ef1fcd42335f34"}
}
