TN:
SF:src/parser.js
FN:3,(anonymous_0)
FN:7,(anonymous_1)
FN:11,(anonymous_2)
FN:15,(anonymous_3)
FN:19,(anonymous_4)
FN:24,(anonymous_5)
FN:49,(anonymous_6)
FN:51,(anonymous_7)
FN:71,(anonymous_8)
FN:77,(anonymous_9)
FN:114,(anonymous_10)
FNF:11
FNH:11
FNDA:26,(anonymous_0)
FNDA:33,(anonymous_1)
FNDA:234,(anonymous_2)
FNDA:196,(anonymous_3)
FNDA:58,(anonymous_4)
FNDA:5,(anonymous_5)
FNDA:11,(anonymous_6)
FNDA:133,(anonymous_7)
FNDA:11,(anonymous_8)
FNDA:121,(anonymous_9)
FNDA:6,(anonymous_10)
DA:1,2
DA:3,2
DA:4,26
DA:7,2
DA:8,33
DA:11,2
DA:12,234
DA:15,2
DA:16,196
DA:19,2
DA:20,58
DA:24,2
DA:25,5
DA:26,5
DA:27,5
DA:28,5
DA:29,5
DA:30,5
DA:31,63
DA:32,63
DA:33,4
DA:36,63
DA:37,9
DA:39,9
DA:40,5
DA:41,5
DA:45,5
DA:49,2
DA:50,11
DA:52,133
DA:53,14
DA:55,133
DA:56,14
DA:59,133
DA:61,11
DA:62,2
DA:63,1
DA:66,1
DA:71,2
DA:72,11
DA:74,9
DA:78,121
DA:79,65
DA:81,56
DA:82,18
DA:83,18
DA:85,38
DA:86,5
DA:87,5
DA:88,5
DA:89,5
DA:90,5
DA:92,33
DA:93,9
DA:94,24
DA:95,18
DA:96,5
DA:97,5
DA:99,5
DA:100,5
DA:102,13
DA:105,33
DA:106,33
DA:114,2
DA:115,6
DA:116,4
DA:117,4
DA:120,2
DA:121,2
DA:122,2
DA:123,2
DA:124,2
DA:125,2
LF:73
LH:73
BRDA:3,0,0,0
BRDA:7,1,0,0
BRDA:11,2,0,0
BRDA:15,3,0,0
BRDA:19,4,0,0
BRDA:24,5,0,0
BRDA:32,6,0,4
BRDA:32,6,1,59
BRDA:36,7,0,9
BRDA:36,7,1,54
BRDA:39,8,0,5
BRDA:39,8,1,4
BRDA:49,9,0,0
BRDA:52,10,0,14
BRDA:52,10,1,119
BRDA:55,11,0,14
BRDA:55,11,1,119
BRDA:61,12,0,2
BRDA:61,12,1,9
BRDA:62,13,0,1
BRDA:62,13,1,1
BRDA:71,14,0,0
BRDA:71,15,0,6
BRDA:71,16,0,6
BRDA:78,17,0,65
BRDA:78,17,1,56
BRDA:81,18,0,18
BRDA:81,18,1,38
BRDA:85,19,0,5
BRDA:85,19,1,33
BRDA:85,20,0,38
BRDA:85,20,1,9
BRDA:92,21,0,9
BRDA:92,21,1,24
BRDA:94,22,0,18
BRDA:94,22,1,6
BRDA:95,23,0,5
BRDA:95,23,1,13
BRF:38
BRH:30
end_of_record
TN:
SF:src/traverser.js
FN:1,(anonymous_0)
FN:17,(anonymous_1)
FN:20,(anonymous_2)
FNF:3
FNH:3
FNDA:6,(anonymous_0)
FNDA:6,(anonymous_1)
FNDA:2,(anonymous_2)
DA:1,1
DA:2,6
DA:4,2
DA:6,1
DA:8,1
DA:10,1
DA:12,1
DA:17,1
DA:18,6
DA:20,5
DA:21,2
DA:24,5
DA:25,3
DA:26,3
DA:29,5
DA:32,1
DA:33,1
LF:17
LH:17
BRDA:2,0,0,2
BRDA:2,0,1,1
BRDA:2,0,2,1
BRDA:2,0,3,1
BRDA:2,0,4,1
BRDA:18,1,0,1
BRDA:18,1,1,5
BRDA:24,2,0,3
BRDA:24,2,1,2
BRF:9
BRH:9
end_of_record
TN:
SF:src/utils.js
FN:1,(anonymous_0)
FN:4,(anonymous_1)
FN:5,(anonymous_2)
FN:10,(anonymous_3)
FNF:4
FNH:4
FNDA:29,(anonymous_0)
FNDA:62,(anonymous_1)
FNDA:143,(anonymous_2)
FNDA:22,(anonymous_3)
DA:1,3
DA:2,29
DA:3,28
DA:4,12
DA:5,143
DA:6,32
DA:7,32
DA:8,1
DA:9,31
DA:10,22
DA:12,11
DA:14,32
DA:16,30
DA:20,3
LF:14
LH:14
BRDA:1,0,0,1
BRDA:2,1,0,1
BRDA:2,1,1,28
BRDA:3,2,0,16
BRDA:3,2,1,12
BRDA:5,3,0,32
BRDA:5,3,1,30
BRDA:7,4,0,1
BRDA:7,4,1,31
BRDA:7,5,0,32
BRDA:7,5,1,21
BRDA:9,6,0,20
BRDA:9,6,1,11
BRF:13
BRH:13
end_of_record
